<?xml version="1.0" ?>
<!DOCTYPE coverage SYSTEM "http://cobertura.sourceforge.net/xml/coverage-04.dtd">
<coverage lines-valid="38"  lines-covered="38"  line-rate="1"  branches-valid="10"  branches-covered="10"  branch-rate="1"  timestamp="1430163229053" complexity="0" version="0.1">
<sources>
	<source>/Users/kylebuckingham/linkShortener</source>
</sources>
<packages>
	<package name="linkShortener"  line-rate="1"  branch-rate="1" >
	<classes>
		<class name="index.js"  filename="index.js"  line-rate="1"  branch-rate="1" >
		<methods>
			<method name="(anonymous_1)"  hits="1"  signature="()V" >
				<lines><line number="40"  hits="1" /></lines>
			</method>
			<method name="(anonymous_2)"  hits="1"  signature="()V" >
				<lines><line number="45"  hits="1" /></lines>
			</method>
			<method name="(anonymous_3)"  hits="1"  signature="()V" >
				<lines><line number="56"  hits="1" /></lines>
			</method>
			<method name="(anonymous_4)"  hits="2"  signature="()V" >
				<lines><line number="63"  hits="2" /></lines>
			</method>
			<method name="(anonymous_5)"  hits="2"  signature="()V" >
				<lines><line number="68"  hits="2" /></lines>
			</method>
		</methods>
		<lines>
			<line number="5"  hits="1"  branch="false" />
			<line number="8"  hits="1"  branch="false" />
			<line number="9"  hits="1"  branch="false" />
			<line number="10"  hits="1"  branch="true"  condition-coverage="100% (2/2)" />
			<line number="11"  hits="1"  branch="false" />
			<line number="12"  hits="1"  branch="false" />
			<line number="13"  hits="1"  branch="true"  condition-coverage="100% (2/2)" />
			<line number="17"  hits="1"  branch="true"  condition-coverage="50% (1/2)" />
			<line number="18"  hits="1"  branch="false" />
			<line number="19"  hits="1"  branch="false" />
			<line number="20"  hits="1"  branch="false" />
			<line number="22"  hits="1"  branch="false" />
			<line number="26"  hits="1"  branch="false" />
			<line number="27"  hits="1"  branch="false" />
			<line number="28"  hits="1"  branch="false" />
			<line number="31"  hits="1"  branch="false" />
			<line number="34"  hits="1"  branch="false" />
			<line number="35"  hits="1"  branch="false" />
			<line number="40"  hits="1"  branch="false" />
			<line number="41"  hits="1"  branch="false" />
			<line number="45"  hits="1"  branch="false" />
			<line number="47"  hits="1"  branch="false" />
			<line number="50"  hits="1"  branch="false" />
			<line number="53"  hits="1"  branch="false" />
			<line number="56"  hits="1"  branch="false" />
			<line number="58"  hits="1"  branch="false" />
			<line number="63"  hits="1"  branch="false" />
			<line number="65"  hits="2"  branch="false" />
			<line number="68"  hits="2"  branch="false" />
			<line number="69"  hits="2"  branch="true"  condition-coverage="100% (4/4)" />
			<line number="71"  hits="1"  branch="false" />
			<line number="72"  hits="1"  branch="false" />
			<line number="73"  hits="1"  branch="false" />
			<line number="76"  hits="1"  branch="false" />
			<line number="77"  hits="1"  branch="false" />
			<line number="84"  hits="1"  branch="false" />
			<line number="87"  hits="1"  branch="false" />
			<line number="88"  hits="1"  branch="false" />
		</lines>
		</class>
	</classes>
	</package>
</packages>
</coverage>
