{"/Users/kylebuckingham/linkShortener/index.js":{"path":"/Users/kylebuckingham/linkShortener/index.js","s":{"1":1,"2":1,"3":1,"4":1,"5":1,"6":1,"7":1,"8":1,"9":0,"10":0,"11":0,"12":1,"13":1,"14":1,"15":1,"16":1,"17":1,"18":1,"19":1,"20":1,"21":1,"22":1,"23":1,"24":1,"25":1,"26":1,"27":1,"28":2,"29":2,"30":2,"31":1,"32":1,"33":1,"34":1,"35":1,"36":1,"37":1,"38":1},"b":{"1":[1,1],"2":[1,1],"3":[0,1],"4":[1,1],"5":[2,2]},"f":{"1":1,"2":1,"3":1,"4":2,"5":2},"fnMap":{"1":{"name":"(anonymous_1)","line":40,"loc":{"start":{"line":40,"column":13},"end":{"line":40,"column":33}}},"2":{"name":"(anonymous_2)","line":45,"loc":{"start":{"line":45,"column":14},"end":{"line":45,"column":34}}},"3":{"name":"(anonymous_3)","line":56,"loc":{"start":{"line":56,"column":24},"end":{"line":56,"column":36}}},"4":{"name":"(anonymous_4)","line":63,"loc":{"start":{"line":63,"column":22},"end":{"line":63,"column":42}}},"5":{"name":"(anonymous_5)","line":68,"loc":{"start":{"line":68,"column":19},"end":{"line":68,"column":41}}}},"statementMap":{"1":{"start":{"line":5,"column":0},"end":{"line":5,"column":67}},"2":{"start":{"line":8,"column":0},"end":{"line":8,"column":29}},"3":{"start":{"line":9,"column":0},"end":{"line":9,"column":16}},"4":{"start":{"line":10,"column":0},"end":{"line":10,"column":32}},"5":{"start":{"line":11,"column":0},"end":{"line":11,"column":29}},"6":{"start":{"line":12,"column":0},"end":{"line":12,"column":36}},"7":{"start":{"line":13,"column":0},"end":{"line":13,"column":59}},"8":{"start":{"line":17,"column":0},"end":{"line":23,"column":1}},"9":{"start":{"line":18,"column":2},"end":{"line":18,"column":57},"skip":true},"10":{"start":{"line":19,"column":2},"end":{"line":19,"column":65},"skip":true},"11":{"start":{"line":20,"column":2},"end":{"line":20,"column":38},"skip":true},"12":{"start":{"line":22,"column":2},"end":{"line":22,"column":43}},"13":{"start":{"line":26,"column":0},"end":{"line":26,"column":39}},"14":{"start":{"line":27,"column":0},"end":{"line":27,"column":31}},"15":{"start":{"line":28,"column":0},"end":{"line":28,"column":46}},"16":{"start":{"line":31,"column":0},"end":{"line":31,"column":30}},"17":{"start":{"line":34,"column":0},"end":{"line":34,"column":27}},"18":{"start":{"line":35,"column":0},"end":{"line":37,"column":4}},"19":{"start":{"line":40,"column":0},"end":{"line":42,"column":3}},"20":{"start":{"line":41,"column":2},"end":{"line":41,"column":22}},"21":{"start":{"line":45,"column":0},"end":{"line":60,"column":3}},"22":{"start":{"line":47,"column":4},"end":{"line":47,"column":16}},"23":{"start":{"line":50,"column":4},"end":{"line":50,"column":23}},"24":{"start":{"line":53,"column":4},"end":{"line":53,"column":28}},"25":{"start":{"line":56,"column":4},"end":{"line":59,"column":7}},"26":{"start":{"line":58,"column":8},"end":{"line":58,"column":61}},"27":{"start":{"line":63,"column":0},"end":{"line":80,"column":3}},"28":{"start":{"line":65,"column":4},"end":{"line":65,"column":34}},"29":{"start":{"line":68,"column":4},"end":{"line":79,"column":7}},"30":{"start":{"line":69,"column":8},"end":{"line":78,"column":9}},"31":{"start":{"line":71,"column":12},"end":{"line":71,"column":28}},"32":{"start":{"line":72,"column":12},"end":{"line":72,"column":39}},"33":{"start":{"line":73,"column":12},"end":{"line":73,"column":23}},"34":{"start":{"line":76,"column":12},"end":{"line":76,"column":28}},"35":{"start":{"line":77,"column":12},"end":{"line":77,"column":32}},"36":{"start":{"line":84,"column":0},"end":{"line":84,"column":47}},"37":{"start":{"line":87,"column":0},"end":{"line":87,"column":17}},"38":{"start":{"line":88,"column":0},"end":{"line":88,"column":41}}},"branchMap":{"1":{"line":10,"type":"binary-expr","locations":[{"start":{"line":10,"column":7},"end":{"line":10,"column":23}},{"start":{"line":10,"column":27},"end":{"line":10,"column":31}}]},"2":{"line":13,"type":"binary-expr","locations":[{"start":{"line":13,"column":11},"end":{"line":13,"column":31}},{"start":{"line":13,"column":35},"end":{"line":13,"column":58}}]},"3":{"line":17,"type":"if","locations":[{"start":{"line":17,"column":0},"end":{"line":17,"column":0},"skip":true},{"start":{"line":17,"column":0},"end":{"line":17,"column":0}}]},"4":{"line":69,"type":"if","locations":[{"start":{"line":69,"column":8},"end":{"line":69,"column":8}},{"start":{"line":69,"column":8},"end":{"line":69,"column":8}}]},"5":{"line":69,"type":"binary-expr","locations":[{"start":{"line":69,"column":12},"end":{"line":69,"column":16}},{"start":{"line":69,"column":20},"end":{"line":69,"column":25}}]}}}}